<?xml version="1.0" encoding="UTF-8"?>
<!-- Generated by org.testng.reporters.JUnitXMLReporter -->
<testsuite hostname="aidtyaun-w10" name="Test" tests="2" failures="1" timestamp="2 Apr 2021 13:04:09 GMT" time="286.685" errors="0">
  <testcase name="TS001_VerifyHomePageTest" time="113.439" classname="crmframework.crmAutomation.IncentiveDetailsPageTest"/>
  <testcase name="TS003_VerifyExportToExcelIncentivesDetailsTest" time="168.166" classname="crmframework.crmAutomation.IncentiveDetailsPageTest">
    <failure type="org.openqa.selenium.TimeoutException" message="Expected condition failed: waiting for element to be clickable: By.xpath: //input[@data-id =&amp;apos;entitySelector_id-entitySelector_id.fieldControl-selectAllCheckBoxElementKeyxxc_incentivedetailcreatedby&amp;apos;] (tried for 15 second(s) with 500 MILLISECONDS interval)">
      <![CDATA[org.openqa.selenium.TimeoutException: Expected condition failed: waiting for element to be clickable: By.xpath: //input[@data-id ='entitySelector_id-entitySelector_id.fieldControl-selectAllCheckBoxElementKeyxxc_incentivedetailcreatedby'] (tried for 15 second(s) with 500 MILLISECONDS interval)
	at org.openqa.selenium.support.ui.WebDriverWait.timeoutException(WebDriverWait.java:80)
	at org.openqa.selenium.support.ui.FluentWait.until(FluentWait.java:232)
	at pageObjects.CRMIncentiveDetailsPage.getselectcheckbox1(CRMIncentiveDetailsPage.java:82)
	at crmframework.crmAutomation.IncentiveDetailsPageTest.TS003_VerifyExportToExcelIncentivesDetailsTest(IncentiveDetailsPageTest.java:238)
Caused by: org.openqa.selenium.NoSuchElementException: Cannot locate an element using By.xpath: //input[@data-id ='entitySelector_id-entitySelector_id.fieldControl-selectAllCheckBoxElementKeyxxc_incentivedetailcreatedby']
For documentation on this error, please visit: http://seleniumhq.org/exceptions/no_such_element.html
Build info: version: '3.4.0', revision: 'unknown', time: 'unknown'
System info: host: 'AIDTYAUN-W10', ip: '172.27.182.51', os.name: 'Windows 10', os.arch: 'amd64', os.version: '10.0', java.version: '1.8.0_161'
Driver info: driver.version: unknown
	at org.openqa.selenium.support.ui.ExpectedConditions.lambda$findElement$0(ExpectedConditions.java:883)
	at java.util.Optional.orElseThrow(Unknown Source)
	at org.openqa.selenium.support.ui.ExpectedConditions.findElement(ExpectedConditions.java:882)
	at org.openqa.selenium.support.ui.ExpectedConditions.access$000(ExpectedConditions.java:44)
	at org.openqa.selenium.support.ui.ExpectedConditions$7.apply(ExpectedConditions.java:206)
	at org.openqa.selenium.support.ui.ExpectedConditions$7.apply(ExpectedConditions.java:202)
	at org.openqa.selenium.support.ui.ExpectedConditions$22.apply(ExpectedConditions.java:644)
	at org.openqa.selenium.support.ui.ExpectedConditions$22.apply(ExpectedConditions.java:641)
	at org.openqa.selenium.support.ui.FluentWait.until(FluentWait.java:209)
	... 26 more
... Removed 24 stack frames]]>
    </failure>
  </testcase> <!-- TS003_VerifyExportToExcelIncentivesDetailsTest -->
</testsuite> <!-- Test -->
