<html>
<head>
<title>TestNG:  Test</title>
<link href="../testng.css" rel="stylesheet" type="text/css" />
<link href="../my-testng.css" rel="stylesheet" type="text/css" />

<style type="text/css">
.log { display: none;} 
.stack-trace { display: none;} 
</style>
<script type="text/javascript">
<!--
function flip(e) {
  current = e.style.display;
  if (current == 'block') {
    e.style.display = 'none';
    return 0;
  }
  else {
    e.style.display = 'block';
    return 1;
  }
}

function toggleBox(szDivId, elem, msg1, msg2)
{
  var res = -1;  if (document.getElementById) {
    res = flip(document.getElementById(szDivId));
  }
  else if (document.all) {
    // this is the way old msie versions work
    res = flip(document.all[szDivId]);
  }
  if(elem) {
    if(res == 0) elem.innerHTML = msg1; else elem.innerHTML = msg2;
  }

}

function toggleAllBoxes() {
  if (document.getElementsByTagName) {
    d = document.getElementsByTagName('div');
    for (i = 0; i < d.length; i++) {
      if (d[i].className == 'log') {
        flip(d[i]);
      }
    }
  }
}

// -->
</script>

</head>
<body>
<h2 align='center'>Test</h2><table border='1' align="center">
<tr>
<td>Tests passed/Failed/Skipped:</td><td>18/6/0</td>
</tr><tr>
<td>Started on:</td><td>Thu May 06 12:44:13 IST 2021</td>
</tr>
<tr><td>Total time:</td><td>2043 seconds (2043655 ms)</td>
</tr><tr>
<td>Included groups:</td><td></td>
</tr><tr>
<td>Excluded groups:</td><td></td>
</tr>
</table><p/>
<small><i>(Hover the method name to see the test class name)</i></small><p/>
<table width='100%' border='1' class='invocation-failed'>
<tr><td colspan='4' align='center'><b>FAILED TESTS</b></td></tr>
<tr><td><b>Test method</b></td>
<td width="30%"><b>Exception</b></td>
<td width="10%"><b>Time (seconds)</b></td>
<td><b>Instance</b></td>
</tr>
<tr>
<td title='crmframework.crmAutomation.ContactPageTest.TS005_ManualFail_VerifyJobFunctionFieldTest()'><b>TS005_ManualFail_VerifyJobFunctionFieldTest</b><br>Test class: crmframework.crmAutomation.ContactPageTest</td>
<td><div><pre>java.lang.AssertionError: List is not in alphabetical sorting order: Lists differ at element [0]: Editorial != Blogger expected [Editorial] but found [Blogger]
	at crmframework.crmAutomation.ContactPageTest.TS005_ManualFail_VerifyJobFunctionFieldTest(ContactPageTest.java:428)
... Removed 28 stack frames</pre></div><a href='#' onClick='toggleBox("stack-trace243575009", this, "Click to show all stack frames", "Click to hide stack frames")'>Click to show all stack frames</a>
<div class='stack-trace' id='stack-trace243575009'><pre>java.lang.AssertionError: List is not in alphabetical sorting order: Lists differ at element [0]: Editorial != Blogger expected [Editorial] but found [Blogger]
	at org.testng.Assert.fail(Assert.java:94)
	at org.testng.Assert.failNotEquals(Assert.java:494)
	at org.testng.Assert.assertEquals(Assert.java:123)
	at org.testng.Assert.assertEquals(Assert.java:549)
	at crmframework.crmAutomation.ContactPageTest.TS005_ManualFail_VerifyJobFunctionFieldTest(ContactPageTest.java:428)
	at sun.reflect.NativeMethodAccessorImpl.invoke0(Native Method)
	at sun.reflect.NativeMethodAccessorImpl.invoke(Unknown Source)
	at sun.reflect.DelegatingMethodAccessorImpl.invoke(Unknown Source)
	at java.lang.reflect.Method.invoke(Unknown Source)
	at org.testng.internal.MethodInvocationHelper.invokeMethod(MethodInvocationHelper.java:80)
	at org.testng.internal.Invoker.invokeMethod(Invoker.java:714)
	at org.testng.internal.Invoker.invokeTestMethod(Invoker.java:901)
	at org.testng.internal.Invoker.invokeTestMethods(Invoker.java:1231)
	at org.testng.internal.TestMethodWorker.invokeTestMethods(TestMethodWorker.java:127)
	at org.testng.internal.TestMethodWorker.run(TestMethodWorker.java:111)
	at org.testng.TestRunner.privateRun(TestRunner.java:767)
	at org.testng.TestRunner.run(TestRunner.java:617)
	at org.testng.SuiteRunner.runTest(SuiteRunner.java:334)
	at org.testng.SuiteRunner.runSequentially(SuiteRunner.java:329)
	at org.testng.SuiteRunner.privateRun(SuiteRunner.java:291)
	at org.testng.SuiteRunner.run(SuiteRunner.java:240)
	at org.testng.SuiteRunnerWorker.runSuite(SuiteRunnerWorker.java:52)
	at org.testng.SuiteRunnerWorker.run(SuiteRunnerWorker.java:86)
	at org.testng.TestNG.runSuitesSequentially(TestNG.java:1198)
	at org.testng.TestNG.runSuitesLocally(TestNG.java:1123)
	at org.testng.TestNG.run(TestNG.java:1031)
	at org.testng.remote.AbstractRemoteTestNG.run(AbstractRemoteTestNG.java:132)
	at org.testng.remote.RemoteTestNG.initAndRun(RemoteTestNG.java:236)
	at org.testng.remote.RemoteTestNG.main(RemoteTestNG.java:81)
</pre></div></td>
<td>12</td>
<td>crmframework.crmAutomation.ContactPageTest@523884b2</td></tr>
<tr>
<td title='crmframework.crmAutomation.ContactPageTest.TS006_VerifyContactStatusToActivateContactTest()'><b>TS006_VerifyContactStatusToActivateContactTest</b><br>Test class: crmframework.crmAutomation.ContactPageTest</td>
<td><div><pre>org.openqa.selenium.TimeoutException: Expected condition failed: waiting for visibility of element located by By.xpath: //div[@title=&apos;Do Not Call&apos;] (tried for 20 second(s) with 500 MILLISECONDS interval)
	at org.openqa.selenium.support.ui.WebDriverWait.timeoutException(WebDriverWait.java:80)
	at org.openqa.selenium.support.ui.FluentWait.until(FluentWait.java:232)
	at pageObjects.CRMContactPage.getContactStatusResonForActiveContact(CRMContactPage.java:561)
	at crmframework.crmAutomation.ContactPageTest.TS006_VerifyContactStatusToActivateContactTest(ContactPageTest.java:526)
Caused by: org.openqa.selenium.NoSuchElementException: Cannot locate an element using By.xpath: //div[@title=&apos;Do Not Call&apos;]
For documentation on this error, please visit: http://seleniumhq.org/exceptions/no_such_element.html
Build info: version: &apos;3.4.0&apos;, revision: &apos;unknown&apos;, time: &apos;unknown&apos;
System info: host: &apos;NILAMMA-W10&apos;, ip: &apos;192.168.68.2&apos;, os.name: &apos;Windows 10&apos;, os.arch: &apos;amd64&apos;, os.version: &apos;10.0&apos;, java.version: &apos;1.8.0_161&apos;
Driver info: driver.version: unknown
	at org.openqa.selenium.support.ui.ExpectedConditions.lambda$findElement$0(ExpectedConditions.java:883)
	at java.util.Optional.orElseThrow(Unknown Source)
	at org.openqa.selenium.support.ui.ExpectedConditions.findElement(ExpectedConditions.java:882)
	at org.openqa.selenium.support.ui.ExpectedConditions.access$000(ExpectedConditions.java:44)
	at org.openqa.selenium.support.ui.ExpectedConditions$7.apply(ExpectedConditions.java:206)
	at org.openqa.selenium.support.ui.ExpectedConditions$7.apply(ExpectedConditions.java:202)
	at org.openqa.selenium.support.ui.FluentWait.until(FluentWait.java:209)
	... 26 more
... Removed 24 stack frames</pre></div><a href='#' onClick='toggleBox("stack-trace125844477", this, "Click to show all stack frames", "Click to hide stack frames")'>Click to show all stack frames</a>
<div class='stack-trace' id='stack-trace125844477'><pre>org.openqa.selenium.TimeoutException: Expected condition failed: waiting for visibility of element located by By.xpath: //div[@title=&apos;Do Not Call&apos;] (tried for 20 second(s) with 500 MILLISECONDS interval)
	at org.openqa.selenium.support.ui.WebDriverWait.timeoutException(WebDriverWait.java:80)
	at org.openqa.selenium.support.ui.FluentWait.until(FluentWait.java:232)
	at pageObjects.CRMContactPage.getContactStatusResonForActiveContact(CRMContactPage.java:561)
	at crmframework.crmAutomation.ContactPageTest.TS006_VerifyContactStatusToActivateContactTest(ContactPageTest.java:526)
	at sun.reflect.NativeMethodAccessorImpl.invoke0(Native Method)
	at sun.reflect.NativeMethodAccessorImpl.invoke(Unknown Source)
	at sun.reflect.DelegatingMethodAccessorImpl.invoke(Unknown Source)
	at java.lang.reflect.Method.invoke(Unknown Source)
	at org.testng.internal.MethodInvocationHelper.invokeMethod(MethodInvocationHelper.java:80)
	at org.testng.internal.Invoker.invokeMethod(Invoker.java:714)
	at org.testng.internal.Invoker.invokeTestMethod(Invoker.java:901)
	at org.testng.internal.Invoker.invokeTestMethods(Invoker.java:1231)
	at org.testng.internal.TestMethodWorker.invokeTestMethods(TestMethodWorker.java:127)
	at org.testng.internal.TestMethodWorker.run(TestMethodWorker.java:111)
	at org.testng.TestRunner.privateRun(TestRunner.java:767)
	at org.testng.TestRunner.run(TestRunner.java:617)
	at org.testng.SuiteRunner.runTest(SuiteRunner.java:334)
	at org.testng.SuiteRunner.runSequentially(SuiteRunner.java:329)
	at org.testng.SuiteRunner.privateRun(SuiteRunner.java:291)
	at org.testng.SuiteRunner.run(SuiteRunner.java:240)
	at org.testng.SuiteRunnerWorker.runSuite(SuiteRunnerWorker.java:52)
	at org.testng.SuiteRunnerWorker.run(SuiteRunnerWorker.java:86)
	at org.testng.TestNG.runSuitesSequentially(TestNG.java:1198)
	at org.testng.TestNG.runSuitesLocally(TestNG.java:1123)
	at org.testng.TestNG.run(TestNG.java:1031)
	at org.testng.remote.AbstractRemoteTestNG.run(AbstractRemoteTestNG.java:132)
	at org.testng.remote.RemoteTestNG.initAndRun(RemoteTestNG.java:236)
	at org.testng.remote.RemoteTestNG.main(RemoteTestNG.java:81)
Caused by: org.openqa.selenium.NoSuchElementException: Cannot locate an element using By.xpath: //div[@title=&apos;Do Not Call&apos;]
For documentation on this error, please visit: http://seleniumhq.org/exceptions/no_such_element.html
Build info: version: &apos;3.4.0&apos;, revision: &apos;unknown&apos;, time: &apos;unknown&apos;
System info: host: &apos;NILAMMA-W10&apos;, ip: &apos;192.168.68.2&apos;, os.name: &apos;Windows 10&apos;, os.arch: &apos;amd64&apos;, os.version: &apos;10.0&apos;, java.version: &apos;1.8.0_161&apos;
Driver info: driver.version: unknown
	at org.openqa.selenium.support.ui.ExpectedConditions.lambda$findElement$0(ExpectedConditions.java:883)
	at java.util.Optional.orElseThrow(Unknown Source)
	at org.openqa.selenium.support.ui.ExpectedConditions.findElement(ExpectedConditions.java:882)
	at org.openqa.selenium.support.ui.ExpectedConditions.access$000(ExpectedConditions.java:44)
	at org.openqa.selenium.support.ui.ExpectedConditions$7.apply(ExpectedConditions.java:206)
	at org.openqa.selenium.support.ui.ExpectedConditions$7.apply(ExpectedConditions.java:202)
	at org.openqa.selenium.support.ui.FluentWait.until(FluentWait.java:209)
	... 26 more
</pre></div></td>
<td>61</td>
<td>crmframework.crmAutomation.ContactPageTest@523884b2</td></tr>
<tr>
<td title='crmframework.crmAutomation.ContactPageTest.TS009_ManualFail_VerifyDuplicateContactTest()'><b>TS009_ManualFail_VerifyDuplicateContactTest</b><br>Test class: crmframework.crmAutomation.ContactPageTest</td>
<td><div><pre>org.openqa.selenium.NoSuchElementException: no such element: Unable to locate element: {&quot;method&quot;:&quot;xpath&quot;,&quot;selector&quot;:&quot;//h1[@aria-label=&apos;Duplicate records found&apos;]&quot;}
  (Session info: chrome=90.0.4430.93)
For documentation on this error, please visit: http://seleniumhq.org/exceptions/no_such_element.html
Build info: version: &apos;3.4.0&apos;, revision: &apos;unknown&apos;, time: &apos;unknown&apos;
System info: host: &apos;NILAMMA-W10&apos;, ip: &apos;192.168.68.2&apos;, os.name: &apos;Windows 10&apos;, os.arch: &apos;amd64&apos;, os.version: &apos;10.0&apos;, java.version: &apos;1.8.0_161&apos;
Driver info: org.openqa.selenium.chrome.ChromeDriver
Capabilities [{networkConnectionEnabled=false, chrome={chromedriverVersion=90.0.4430.24 (4c6d850f087da467d926e8eddb76550aed655991-refs/branch-heads/4430@{#429}), userDataDir=C:\Users\nilamma\AppData\Local\Temp\scoped_dir26568_1864351010}, timeouts={implicit=0.0, pageLoad=300000.0, script=30000.0}, pageLoadStrategy=normal, unhandledPromptBehavior=dismiss and notify, strictFileInteractability=false, platform=ANY, proxy=Proxy(), goog:chromeOptions={debuggerAddress=localhost:65299}, acceptInsecureCerts=false, browserVersion=90.0.4430.93, browserName=chrome, javascriptEnabled=true, platformName=windows, setWindowRect=true, webauthn:extension:largeBlob=true, webauthn:virtualAuthenticators=true}]
Session ID: e5aa1b3aa80d372ffc7183a65d3eab0e
*** Element info: {Using=xpath, value=//h1[@aria-label=&apos;Duplicate records found&apos;]}
	at org.openqa.selenium.remote.http.W3CHttpResponseCodec.createException(W3CHttpResponseCodec.java:150)
	at org.openqa.selenium.remote.http.W3CHttpResponseCodec.decode(W3CHttpResponseCodec.java:115)
	at org.openqa.selenium.remote.http.W3CHttpResponseCodec.decode(W3CHttpResponseCodec.java:45)
	at org.openqa.selenium.remote.HttpCommandExecutor.execute(HttpCommandExecutor.java:164)
	at org.openqa.selenium.remote.service.DriverCommandExecutor.execute(DriverCommandExecutor.java:82)
	at org.openqa.selenium.remote.RemoteWebDriver.execute(RemoteWebDriver.java:637)
	at org.openqa.selenium.remote.RemoteWebDriver.findElement(RemoteWebDriver.java:410)
	at org.openqa.selenium.remote.RemoteWebDriver.findElementByXPath(RemoteWebDriver.java:509)
	at org.openqa.selenium.By$ByXPath.findElement(By.java:361)
	at org.openqa.selenium.remote.RemoteWebDriver.findElement(RemoteWebDriver.java:402)
	at pageObjects.CRMContactPage.getDuplicateRecordsPopupTitle(CRMContactPage.java:1101)
	at crmframework.crmAutomation.ContactPageTest.TS009_ManualFail_VerifyDuplicateContactTest(ContactPageTest.java:680)
... Removed 28 stack frames</pre></div><a href='#' onClick='toggleBox("stack-trace126234454", this, "Click to show all stack frames", "Click to hide stack frames")'>Click to show all stack frames</a>
<div class='stack-trace' id='stack-trace126234454'><pre>org.openqa.selenium.NoSuchElementException: no such element: Unable to locate element: {&quot;method&quot;:&quot;xpath&quot;,&quot;selector&quot;:&quot;//h1[@aria-label=&apos;Duplicate records found&apos;]&quot;}
  (Session info: chrome=90.0.4430.93)
For documentation on this error, please visit: http://seleniumhq.org/exceptions/no_such_element.html
Build info: version: &apos;3.4.0&apos;, revision: &apos;unknown&apos;, time: &apos;unknown&apos;
System info: host: &apos;NILAMMA-W10&apos;, ip: &apos;192.168.68.2&apos;, os.name: &apos;Windows 10&apos;, os.arch: &apos;amd64&apos;, os.version: &apos;10.0&apos;, java.version: &apos;1.8.0_161&apos;
Driver info: org.openqa.selenium.chrome.ChromeDriver
Capabilities [{networkConnectionEnabled=false, chrome={chromedriverVersion=90.0.4430.24 (4c6d850f087da467d926e8eddb76550aed655991-refs/branch-heads/4430@{#429}), userDataDir=C:\Users\nilamma\AppData\Local\Temp\scoped_dir26568_1864351010}, timeouts={implicit=0.0, pageLoad=300000.0, script=30000.0}, pageLoadStrategy=normal, unhandledPromptBehavior=dismiss and notify, strictFileInteractability=false, platform=ANY, proxy=Proxy(), goog:chromeOptions={debuggerAddress=localhost:65299}, acceptInsecureCerts=false, browserVersion=90.0.4430.93, browserName=chrome, javascriptEnabled=true, platformName=windows, setWindowRect=true, webauthn:extension:largeBlob=true, webauthn:virtualAuthenticators=true}]
Session ID: e5aa1b3aa80d372ffc7183a65d3eab0e
*** Element info: {Using=xpath, value=//h1[@aria-label=&apos;Duplicate records found&apos;]}
	at sun.reflect.NativeConstructorAccessorImpl.newInstance0(Native Method)
	at sun.reflect.NativeConstructorAccessorImpl.newInstance(Unknown Source)
	at sun.reflect.DelegatingConstructorAccessorImpl.newInstance(Unknown Source)
	at java.lang.reflect.Constructor.newInstance(Unknown Source)
	at org.openqa.selenium.remote.http.W3CHttpResponseCodec.createException(W3CHttpResponseCodec.java:150)
	at org.openqa.selenium.remote.http.W3CHttpResponseCodec.decode(W3CHttpResponseCodec.java:115)
	at org.openqa.selenium.remote.http.W3CHttpResponseCodec.decode(W3CHttpResponseCodec.java:45)
	at org.openqa.selenium.remote.HttpCommandExecutor.execute(HttpCommandExecutor.java:164)
	at org.openqa.selenium.remote.service.DriverCommandExecutor.execute(DriverCommandExecutor.java:82)
	at org.openqa.selenium.remote.RemoteWebDriver.execute(RemoteWebDriver.java:637)
	at org.openqa.selenium.remote.RemoteWebDriver.findElement(RemoteWebDriver.java:410)
	at org.openqa.selenium.remote.RemoteWebDriver.findElementByXPath(RemoteWebDriver.java:509)
	at org.openqa.selenium.By$ByXPath.findElement(By.java:361)
	at org.openqa.selenium.remote.RemoteWebDriver.findElement(RemoteWebDriver.java:402)
	at pageObjects.CRMContactPage.getDuplicateRecordsPopupTitle(CRMContactPage.java:1101)
	at crmframework.crmAutomation.ContactPageTest.TS009_ManualFail_VerifyDuplicateContactTest(ContactPageTest.java:680)
	at sun.reflect.NativeMethodAccessorImpl.invoke0(Native Method)
	at sun.reflect.NativeMethodAccessorImpl.invoke(Unknown Source)
	at sun.reflect.DelegatingMethodAccessorImpl.invoke(Unknown Source)
	at java.lang.reflect.Method.invoke(Unknown Source)
	at org.testng.internal.MethodInvocationHelper.invokeMethod(MethodInvocationHelper.java:80)
	at org.testng.internal.Invoker.invokeMethod(Invoker.java:714)
	at org.testng.internal.Invoker.invokeTestMethod(Invoker.java:901)
	at org.testng.internal.Invoker.invokeTestMethods(Invoker.java:1231)
	at org.testng.internal.TestMethodWorker.invokeTestMethods(TestMethodWorker.java:127)
	at org.testng.internal.TestMethodWorker.run(TestMethodWorker.java:111)
	at org.testng.TestRunner.privateRun(TestRunner.java:767)
	at org.testng.TestRunner.run(TestRunner.java:617)
	at org.testng.SuiteRunner.runTest(SuiteRunner.java:334)
	at org.testng.SuiteRunner.runSequentially(SuiteRunner.java:329)
	at org.testng.SuiteRunner.privateRun(SuiteRunner.java:291)
	at org.testng.SuiteRunner.run(SuiteRunner.java:240)
	at org.testng.SuiteRunnerWorker.runSuite(SuiteRunnerWorker.java:52)
	at org.testng.SuiteRunnerWorker.run(SuiteRunnerWorker.java:86)
	at org.testng.TestNG.runSuitesSequentially(TestNG.java:1198)
	at org.testng.TestNG.runSuitesLocally(TestNG.java:1123)
	at org.testng.TestNG.run(TestNG.java:1031)
	at org.testng.remote.AbstractRemoteTestNG.run(AbstractRemoteTestNG.java:132)
	at org.testng.remote.RemoteTestNG.initAndRun(RemoteTestNG.java:236)
	at org.testng.remote.RemoteTestNG.main(RemoteTestNG.java:81)
</pre></div></td>
<td>51</td>
<td>crmframework.crmAutomation.ContactPageTest@523884b2</td></tr>
<tr>
<td title='crmframework.crmAutomation.ContactPageTest.TS012_ManualFail_VerifyContactMarketRecordProfile_Registered()'><b>TS012_ManualFail_VerifyContactMarketRecordProfile_Registered</b><br>Test class: crmframework.crmAutomation.ContactPageTest</td>
<td><div><pre>org.openqa.selenium.TimeoutException: Expected condition failed: waiting for visibility of element located by By.xpath: //div[@data-lp-id=&apos;MscrmControls.Grid.ReadOnlyGrid|ContactMarketProfile|contact|3f6c1e66-6002-ea11-a811-000d3a36886f|xxc_contactmarketprofile|xxc_contact_xxc_contactmarketprofile_Contactid|cc-grid|cc-grid-cell|cell-0-2&apos;] (tried for 15 second(s) with 500 MILLISECONDS interval)
	at org.openqa.selenium.support.ui.WebDriverWait.timeoutException(WebDriverWait.java:80)
	at org.openqa.selenium.support.ui.FluentWait.until(FluentWait.java:232)
	at pageObjects.CRMContactPage.getNewlyCreatedContactMarketProfileField(CRMContactPage.java:696)
	at crmframework.crmAutomation.ContactPageTest.TS012_ManualFail_VerifyContactMarketRecordProfile_Registered(ContactPageTest.java:900)
Caused by: org.openqa.selenium.NoSuchElementException: Cannot locate an element using By.xpath: //div[@data-lp-id=&apos;MscrmControls.Grid.ReadOnlyGrid|ContactMarketProfile|contact|3f6c1e66-6002-ea11-a811-000d3a36886f|xxc_contactmarketprofile|xxc_contact_xxc_contactmarketprofile_Contactid|cc-grid|cc-grid-cell|cell-0-2&apos;]
For documentation on this error, please visit: http://seleniumhq.org/exceptions/no_such_element.html
Build info: version: &apos;3.4.0&apos;, revision: &apos;unknown&apos;, time: &apos;unknown&apos;
System info: host: &apos;NILAMMA-W10&apos;, ip: &apos;192.168.68.2&apos;, os.name: &apos;Windows 10&apos;, os.arch: &apos;amd64&apos;, os.version: &apos;10.0&apos;, java.version: &apos;1.8.0_161&apos;
Driver info: driver.version: unknown
	at org.openqa.selenium.support.ui.ExpectedConditions.lambda$findElement$0(ExpectedConditions.java:883)
	at java.util.Optional.orElseThrow(Unknown Source)
	at org.openqa.selenium.support.ui.ExpectedConditions.findElement(ExpectedConditions.java:882)
	at org.openqa.selenium.support.ui.ExpectedConditions.access$000(ExpectedConditions.java:44)
	at org.openqa.selenium.support.ui.ExpectedConditions$7.apply(ExpectedConditions.java:206)
	at org.openqa.selenium.support.ui.ExpectedConditions$7.apply(ExpectedConditions.java:202)
	at org.openqa.selenium.support.ui.FluentWait.until(FluentWait.java:209)
	... 26 more
... Removed 24 stack frames</pre></div><a href='#' onClick='toggleBox("stack-trace1988644427", this, "Click to show all stack frames", "Click to hide stack frames")'>Click to show all stack frames</a>
<div class='stack-trace' id='stack-trace1988644427'><pre>org.openqa.selenium.TimeoutException: Expected condition failed: waiting for visibility of element located by By.xpath: //div[@data-lp-id=&apos;MscrmControls.Grid.ReadOnlyGrid|ContactMarketProfile|contact|3f6c1e66-6002-ea11-a811-000d3a36886f|xxc_contactmarketprofile|xxc_contact_xxc_contactmarketprofile_Contactid|cc-grid|cc-grid-cell|cell-0-2&apos;] (tried for 15 second(s) with 500 MILLISECONDS interval)
	at org.openqa.selenium.support.ui.WebDriverWait.timeoutException(WebDriverWait.java:80)
	at org.openqa.selenium.support.ui.FluentWait.until(FluentWait.java:232)
	at pageObjects.CRMContactPage.getNewlyCreatedContactMarketProfileField(CRMContactPage.java:696)
	at crmframework.crmAutomation.ContactPageTest.TS012_ManualFail_VerifyContactMarketRecordProfile_Registered(ContactPageTest.java:900)
	at sun.reflect.NativeMethodAccessorImpl.invoke0(Native Method)
	at sun.reflect.NativeMethodAccessorImpl.invoke(Unknown Source)
	at sun.reflect.DelegatingMethodAccessorImpl.invoke(Unknown Source)
	at java.lang.reflect.Method.invoke(Unknown Source)
	at org.testng.internal.MethodInvocationHelper.invokeMethod(MethodInvocationHelper.java:80)
	at org.testng.internal.Invoker.invokeMethod(Invoker.java:714)
	at org.testng.internal.Invoker.invokeTestMethod(Invoker.java:901)
	at org.testng.internal.Invoker.invokeTestMethods(Invoker.java:1231)
	at org.testng.internal.TestMethodWorker.invokeTestMethods(TestMethodWorker.java:127)
	at org.testng.internal.TestMethodWorker.run(TestMethodWorker.java:111)
	at org.testng.TestRunner.privateRun(TestRunner.java:767)
	at org.testng.TestRunner.run(TestRunner.java:617)
	at org.testng.SuiteRunner.runTest(SuiteRunner.java:334)
	at org.testng.SuiteRunner.runSequentially(SuiteRunner.java:329)
	at org.testng.SuiteRunner.privateRun(SuiteRunner.java:291)
	at org.testng.SuiteRunner.run(SuiteRunner.java:240)
	at org.testng.SuiteRunnerWorker.runSuite(SuiteRunnerWorker.java:52)
	at org.testng.SuiteRunnerWorker.run(SuiteRunnerWorker.java:86)
	at org.testng.TestNG.runSuitesSequentially(TestNG.java:1198)
	at org.testng.TestNG.runSuitesLocally(TestNG.java:1123)
	at org.testng.TestNG.run(TestNG.java:1031)
	at org.testng.remote.AbstractRemoteTestNG.run(AbstractRemoteTestNG.java:132)
	at org.testng.remote.RemoteTestNG.initAndRun(RemoteTestNG.java:236)
	at org.testng.remote.RemoteTestNG.main(RemoteTestNG.java:81)
Caused by: org.openqa.selenium.NoSuchElementException: Cannot locate an element using By.xpath: //div[@data-lp-id=&apos;MscrmControls.Grid.ReadOnlyGrid|ContactMarketProfile|contact|3f6c1e66-6002-ea11-a811-000d3a36886f|xxc_contactmarketprofile|xxc_contact_xxc_contactmarketprofile_Contactid|cc-grid|cc-grid-cell|cell-0-2&apos;]
For documentation on this error, please visit: http://seleniumhq.org/exceptions/no_such_element.html
Build info: version: &apos;3.4.0&apos;, revision: &apos;unknown&apos;, time: &apos;unknown&apos;
System info: host: &apos;NILAMMA-W10&apos;, ip: &apos;192.168.68.2&apos;, os.name: &apos;Windows 10&apos;, os.arch: &apos;amd64&apos;, os.version: &apos;10.0&apos;, java.version: &apos;1.8.0_161&apos;
Driver info: driver.version: unknown
	at org.openqa.selenium.support.ui.ExpectedConditions.lambda$findElement$0(ExpectedConditions.java:883)
	at java.util.Optional.orElseThrow(Unknown Source)
	at org.openqa.selenium.support.ui.ExpectedConditions.findElement(ExpectedConditions.java:882)
	at org.openqa.selenium.support.ui.ExpectedConditions.access$000(ExpectedConditions.java:44)
	at org.openqa.selenium.support.ui.ExpectedConditions$7.apply(ExpectedConditions.java:206)
	at org.openqa.selenium.support.ui.ExpectedConditions$7.apply(ExpectedConditions.java:202)
	at org.openqa.selenium.support.ui.FluentWait.until(FluentWait.java:209)
	... 26 more
</pre></div></td>
<td>117</td>
<td>crmframework.crmAutomation.ContactPageTest@523884b2</td></tr>
<tr>
<td title='crmframework.crmAutomation.ContactPageTest.TS013_ManualFail_VerifyContactMarketRecordProfile_Declined()'><b>TS013_ManualFail_VerifyContactMarketRecordProfile_Declined</b><br>Test class: crmframework.crmAutomation.ContactPageTest</td>
<td><div><pre>org.openqa.selenium.TimeoutException: Expected condition failed: waiting for visibility of element located by By.xpath: //div[@data-lp-id=&apos;MscrmControls.Grid.ReadOnlyGrid|ContactMarketProfile|contact|3f6c1e66-6002-ea11-a811-000d3a36886f|xxc_contactmarketprofile|xxc_contact_xxc_contactmarketprofile_Contactid|cc-grid|cc-grid-cell|cell-0-2&apos;] (tried for 15 second(s) with 500 MILLISECONDS interval)
	at org.openqa.selenium.support.ui.WebDriverWait.timeoutException(WebDriverWait.java:80)
	at org.openqa.selenium.support.ui.FluentWait.until(FluentWait.java:232)
	at pageObjects.CRMContactPage.getNewlyCreatedContactMarketProfileField(CRMContactPage.java:696)
	at crmframework.crmAutomation.ContactPageTest.TS013_ManualFail_VerifyContactMarketRecordProfile_Declined(ContactPageTest.java:1027)
Caused by: org.openqa.selenium.NoSuchElementException: Cannot locate an element using By.xpath: //div[@data-lp-id=&apos;MscrmControls.Grid.ReadOnlyGrid|ContactMarketProfile|contact|3f6c1e66-6002-ea11-a811-000d3a36886f|xxc_contactmarketprofile|xxc_contact_xxc_contactmarketprofile_Contactid|cc-grid|cc-grid-cell|cell-0-2&apos;]
For documentation on this error, please visit: http://seleniumhq.org/exceptions/no_such_element.html
Build info: version: &apos;3.4.0&apos;, revision: &apos;unknown&apos;, time: &apos;unknown&apos;
System info: host: &apos;NILAMMA-W10&apos;, ip: &apos;192.168.68.2&apos;, os.name: &apos;Windows 10&apos;, os.arch: &apos;amd64&apos;, os.version: &apos;10.0&apos;, java.version: &apos;1.8.0_161&apos;
Driver info: driver.version: unknown
	at org.openqa.selenium.support.ui.ExpectedConditions.lambda$findElement$0(ExpectedConditions.java:883)
	at java.util.Optional.orElseThrow(Unknown Source)
	at org.openqa.selenium.support.ui.ExpectedConditions.findElement(ExpectedConditions.java:882)
	at org.openqa.selenium.support.ui.ExpectedConditions.access$000(ExpectedConditions.java:44)
	at org.openqa.selenium.support.ui.ExpectedConditions$7.apply(ExpectedConditions.java:206)
	at org.openqa.selenium.support.ui.ExpectedConditions$7.apply(ExpectedConditions.java:202)
	at org.openqa.selenium.support.ui.FluentWait.until(FluentWait.java:209)
	... 26 more
... Removed 24 stack frames</pre></div><a href='#' onClick='toggleBox("stack-trace1666544295", this, "Click to show all stack frames", "Click to hide stack frames")'>Click to show all stack frames</a>
<div class='stack-trace' id='stack-trace1666544295'><pre>org.openqa.selenium.TimeoutException: Expected condition failed: waiting for visibility of element located by By.xpath: //div[@data-lp-id=&apos;MscrmControls.Grid.ReadOnlyGrid|ContactMarketProfile|contact|3f6c1e66-6002-ea11-a811-000d3a36886f|xxc_contactmarketprofile|xxc_contact_xxc_contactmarketprofile_Contactid|cc-grid|cc-grid-cell|cell-0-2&apos;] (tried for 15 second(s) with 500 MILLISECONDS interval)
	at org.openqa.selenium.support.ui.WebDriverWait.timeoutException(WebDriverWait.java:80)
	at org.openqa.selenium.support.ui.FluentWait.until(FluentWait.java:232)
	at pageObjects.CRMContactPage.getNewlyCreatedContactMarketProfileField(CRMContactPage.java:696)
	at crmframework.crmAutomation.ContactPageTest.TS013_ManualFail_VerifyContactMarketRecordProfile_Declined(ContactPageTest.java:1027)
	at sun.reflect.NativeMethodAccessorImpl.invoke0(Native Method)
	at sun.reflect.NativeMethodAccessorImpl.invoke(Unknown Source)
	at sun.reflect.DelegatingMethodAccessorImpl.invoke(Unknown Source)
	at java.lang.reflect.Method.invoke(Unknown Source)
	at org.testng.internal.MethodInvocationHelper.invokeMethod(MethodInvocationHelper.java:80)
	at org.testng.internal.Invoker.invokeMethod(Invoker.java:714)
	at org.testng.internal.Invoker.invokeTestMethod(Invoker.java:901)
	at org.testng.internal.Invoker.invokeTestMethods(Invoker.java:1231)
	at org.testng.internal.TestMethodWorker.invokeTestMethods(TestMethodWorker.java:127)
	at org.testng.internal.TestMethodWorker.run(TestMethodWorker.java:111)
	at org.testng.TestRunner.privateRun(TestRunner.java:767)
	at org.testng.TestRunner.run(TestRunner.java:617)
	at org.testng.SuiteRunner.runTest(SuiteRunner.java:334)
	at org.testng.SuiteRunner.runSequentially(SuiteRunner.java:329)
	at org.testng.SuiteRunner.privateRun(SuiteRunner.java:291)
	at org.testng.SuiteRunner.run(SuiteRunner.java:240)
	at org.testng.SuiteRunnerWorker.runSuite(SuiteRunnerWorker.java:52)
	at org.testng.SuiteRunnerWorker.run(SuiteRunnerWorker.java:86)
	at org.testng.TestNG.runSuitesSequentially(TestNG.java:1198)
	at org.testng.TestNG.runSuitesLocally(TestNG.java:1123)
	at org.testng.TestNG.run(TestNG.java:1031)
	at org.testng.remote.AbstractRemoteTestNG.run(AbstractRemoteTestNG.java:132)
	at org.testng.remote.RemoteTestNG.initAndRun(RemoteTestNG.java:236)
	at org.testng.remote.RemoteTestNG.main(RemoteTestNG.java:81)
Caused by: org.openqa.selenium.NoSuchElementException: Cannot locate an element using By.xpath: //div[@data-lp-id=&apos;MscrmControls.Grid.ReadOnlyGrid|ContactMarketProfile|contact|3f6c1e66-6002-ea11-a811-000d3a36886f|xxc_contactmarketprofile|xxc_contact_xxc_contactmarketprofile_Contactid|cc-grid|cc-grid-cell|cell-0-2&apos;]
For documentation on this error, please visit: http://seleniumhq.org/exceptions/no_such_element.html
Build info: version: &apos;3.4.0&apos;, revision: &apos;unknown&apos;, time: &apos;unknown&apos;
System info: host: &apos;NILAMMA-W10&apos;, ip: &apos;192.168.68.2&apos;, os.name: &apos;Windows 10&apos;, os.arch: &apos;amd64&apos;, os.version: &apos;10.0&apos;, java.version: &apos;1.8.0_161&apos;
Driver info: driver.version: unknown
	at org.openqa.selenium.support.ui.ExpectedConditions.lambda$findElement$0(ExpectedConditions.java:883)
	at java.util.Optional.orElseThrow(Unknown Source)
	at org.openqa.selenium.support.ui.ExpectedConditions.findElement(ExpectedConditions.java:882)
	at org.openqa.selenium.support.ui.ExpectedConditions.access$000(ExpectedConditions.java:44)
	at org.openqa.selenium.support.ui.ExpectedConditions$7.apply(ExpectedConditions.java:206)
	at org.openqa.selenium.support.ui.ExpectedConditions$7.apply(ExpectedConditions.java:202)
	at org.openqa.selenium.support.ui.FluentWait.until(FluentWait.java:209)
	... 26 more
</pre></div></td>
<td>121</td>
<td>crmframework.crmAutomation.ContactPageTest@523884b2</td></tr>
<tr>
<td title='crmframework.crmAutomation.ContactPageTest.TS024_VerifyExportToExcelTest()'><b>TS024_VerifyExportToExcelTest</b><br>Test class: crmframework.crmAutomation.ContactPageTest</td>
<td><div><pre>org.openqa.selenium.TimeoutException: Expected condition failed: waiting for visibility of element located by By.xpath: //button[@id =&apos;contact|NoRelationship|HomePageGrid|Mscrm.HomepageGrid.contact.ExportToExcel.Menu$splitButtonId_button1$button&apos;] (tried for 20 second(s) with 500 MILLISECONDS interval)
	at org.openqa.selenium.support.ui.WebDriverWait.timeoutException(WebDriverWait.java:80)
	at org.openqa.selenium.support.ui.FluentWait.until(FluentWait.java:232)
	at pageObjects.CRMContactPage.getexporttoexcelbtn(CRMContactPage.java:599)
	at crmframework.crmAutomation.ContactPageTest.TS024_VerifyExportToExcelTest(ContactPageTest.java:782)
Caused by: org.openqa.selenium.NoSuchElementException: Cannot locate an element using By.xpath: //button[@id =&apos;contact|NoRelationship|HomePageGrid|Mscrm.HomepageGrid.contact.ExportToExcel.Menu$splitButtonId_button1$button&apos;]
For documentation on this error, please visit: http://seleniumhq.org/exceptions/no_such_element.html
Build info: version: &apos;3.4.0&apos;, revision: &apos;unknown&apos;, time: &apos;unknown&apos;
System info: host: &apos;NILAMMA-W10&apos;, ip: &apos;192.168.68.2&apos;, os.name: &apos;Windows 10&apos;, os.arch: &apos;amd64&apos;, os.version: &apos;10.0&apos;, java.version: &apos;1.8.0_161&apos;
Driver info: driver.version: unknown
	at org.openqa.selenium.support.ui.ExpectedConditions.lambda$findElement$0(ExpectedConditions.java:883)
	at java.util.Optional.orElseThrow(Unknown Source)
	at org.openqa.selenium.support.ui.ExpectedConditions.findElement(ExpectedConditions.java:882)
	at org.openqa.selenium.support.ui.ExpectedConditions.access$000(ExpectedConditions.java:44)
	at org.openqa.selenium.support.ui.ExpectedConditions$7.apply(ExpectedConditions.java:206)
	at org.openqa.selenium.support.ui.ExpectedConditions$7.apply(ExpectedConditions.java:202)
	at org.openqa.selenium.support.ui.FluentWait.until(FluentWait.java:209)
	... 26 more
... Removed 24 stack frames</pre></div><a href='#' onClick='toggleBox("stack-trace1068945248", this, "Click to show all stack frames", "Click to hide stack frames")'>Click to show all stack frames</a>
<div class='stack-trace' id='stack-trace1068945248'><pre>org.openqa.selenium.TimeoutException: Expected condition failed: waiting for visibility of element located by By.xpath: //button[@id =&apos;contact|NoRelationship|HomePageGrid|Mscrm.HomepageGrid.contact.ExportToExcel.Menu$splitButtonId_button1$button&apos;] (tried for 20 second(s) with 500 MILLISECONDS interval)
	at org.openqa.selenium.support.ui.WebDriverWait.timeoutException(WebDriverWait.java:80)
	at org.openqa.selenium.support.ui.FluentWait.until(FluentWait.java:232)
	at pageObjects.CRMContactPage.getexporttoexcelbtn(CRMContactPage.java:599)
	at crmframework.crmAutomation.ContactPageTest.TS024_VerifyExportToExcelTest(ContactPageTest.java:782)
	at sun.reflect.NativeMethodAccessorImpl.invoke0(Native Method)
	at sun.reflect.NativeMethodAccessorImpl.invoke(Unknown Source)
	at sun.reflect.DelegatingMethodAccessorImpl.invoke(Unknown Source)
	at java.lang.reflect.Method.invoke(Unknown Source)
	at org.testng.internal.MethodInvocationHelper.invokeMethod(MethodInvocationHelper.java:80)
	at org.testng.internal.Invoker.invokeMethod(Invoker.java:714)
	at org.testng.internal.Invoker.invokeTestMethod(Invoker.java:901)
	at org.testng.internal.Invoker.invokeTestMethods(Invoker.java:1231)
	at org.testng.internal.TestMethodWorker.invokeTestMethods(TestMethodWorker.java:127)
	at org.testng.internal.TestMethodWorker.run(TestMethodWorker.java:111)
	at org.testng.TestRunner.privateRun(TestRunner.java:767)
	at org.testng.TestRunner.run(TestRunner.java:617)
	at org.testng.SuiteRunner.runTest(SuiteRunner.java:334)
	at org.testng.SuiteRunner.runSequentially(SuiteRunner.java:329)
	at org.testng.SuiteRunner.privateRun(SuiteRunner.java:291)
	at org.testng.SuiteRunner.run(SuiteRunner.java:240)
	at org.testng.SuiteRunnerWorker.runSuite(SuiteRunnerWorker.java:52)
	at org.testng.SuiteRunnerWorker.run(SuiteRunnerWorker.java:86)
	at org.testng.TestNG.runSuitesSequentially(TestNG.java:1198)
	at org.testng.TestNG.runSuitesLocally(TestNG.java:1123)
	at org.testng.TestNG.run(TestNG.java:1031)
	at org.testng.remote.AbstractRemoteTestNG.run(AbstractRemoteTestNG.java:132)
	at org.testng.remote.RemoteTestNG.initAndRun(RemoteTestNG.java:236)
	at org.testng.remote.RemoteTestNG.main(RemoteTestNG.java:81)
Caused by: org.openqa.selenium.NoSuchElementException: Cannot locate an element using By.xpath: //button[@id =&apos;contact|NoRelationship|HomePageGrid|Mscrm.HomepageGrid.contact.ExportToExcel.Menu$splitButtonId_button1$button&apos;]
For documentation on this error, please visit: http://seleniumhq.org/exceptions/no_such_element.html
Build info: version: &apos;3.4.0&apos;, revision: &apos;unknown&apos;, time: &apos;unknown&apos;
System info: host: &apos;NILAMMA-W10&apos;, ip: &apos;192.168.68.2&apos;, os.name: &apos;Windows 10&apos;, os.arch: &apos;amd64&apos;, os.version: &apos;10.0&apos;, java.version: &apos;1.8.0_161&apos;
Driver info: driver.version: unknown
	at org.openqa.selenium.support.ui.ExpectedConditions.lambda$findElement$0(ExpectedConditions.java:883)
	at java.util.Optional.orElseThrow(Unknown Source)
	at org.openqa.selenium.support.ui.ExpectedConditions.findElement(ExpectedConditions.java:882)
	at org.openqa.selenium.support.ui.ExpectedConditions.access$000(ExpectedConditions.java:44)
	at org.openqa.selenium.support.ui.ExpectedConditions$7.apply(ExpectedConditions.java:206)
	at org.openqa.selenium.support.ui.ExpectedConditions$7.apply(ExpectedConditions.java:202)
	at org.openqa.selenium.support.ui.FluentWait.until(FluentWait.java:209)
	... 26 more
</pre></div></td>
<td>143</td>
<td>crmframework.crmAutomation.ContactPageTest@523884b2</td></tr>
</table><p>
<table width='100%' border='1' class='invocation-passed'>
<tr><td colspan='4' align='center'><b>PASSED TESTS</b></td></tr>
<tr><td><b>Test method</b></td>
<td width="30%"><b>Exception</b></td>
<td width="10%"><b>Time (seconds)</b></td>
<td><b>Instance</b></td>
</tr>
<tr>
<td title='crmframework.crmAutomation.ContactPageTest.TS001_VerifyHomePageTest()'><b>TS001_VerifyHomePageTest</b><br>Test class: crmframework.crmAutomation.ContactPageTest</td>
<td></td>
<td>103</td>
<td>crmframework.crmAutomation.ContactPageTest@523884b2</td></tr>
<tr>
<td title='crmframework.crmAutomation.ContactPageTest.TS002_VerifyCreateNewContactTest()'><b>TS002_VerifyCreateNewContactTest</b><br>Test class: crmframework.crmAutomation.ContactPageTest</td>
<td></td>
<td>71</td>
<td>crmframework.crmAutomation.ContactPageTest@523884b2</td></tr>
<tr>
<td title='crmframework.crmAutomation.ContactPageTest.TS003_VerifySearchContactsUsingFullNameEmailPhoneTest()'><b>TS003_VerifySearchContactsUsingFullNameEmailPhoneTest</b><br>Test class: crmframework.crmAutomation.ContactPageTest</td>
<td></td>
<td>29</td>
<td>crmframework.crmAutomation.ContactPageTest@523884b2</td></tr>
<tr>
<td title='crmframework.crmAutomation.ContactPageTest.TS004_VerifyMarketingRelationshipOwnerContactTest()'><b>TS004_VerifyMarketingRelationshipOwnerContactTest</b><br>Test class: crmframework.crmAutomation.ContactPageTest</td>
<td></td>
<td>36</td>
<td>crmframework.crmAutomation.ContactPageTest@523884b2</td></tr>
<tr>
<td title='crmframework.crmAutomation.ContactPageTest.TS007_VerifyAddAppointmentToContactTest()'><b>TS007_VerifyAddAppointmentToContactTest</b><br>Test class: crmframework.crmAutomation.ContactPageTest</td>
<td></td>
<td>56</td>
<td>crmframework.crmAutomation.ContactPageTest@523884b2</td></tr>
<tr>
<td title='crmframework.crmAutomation.ContactPageTest.TS008_VerifyAddNewTaskFromTimelineToContactTest()'><b>TS008_VerifyAddNewTaskFromTimelineToContactTest</b><br>Test class: crmframework.crmAutomation.ContactPageTest</td>
<td></td>
<td>44</td>
<td>crmframework.crmAutomation.ContactPageTest@523884b2</td></tr>
<tr>
<td title='crmframework.crmAutomation.ContactPageTest.TS010_VerifyAuditHistoryTabOnContactTest()'><b>TS010_VerifyAuditHistoryTabOnContactTest</b><br>Test class: crmframework.crmAutomation.ContactPageTest</td>
<td></td>
<td>78</td>
<td>crmframework.crmAutomation.ContactPageTest@523884b2</td></tr>
<tr>
<td title='crmframework.crmAutomation.ContactPageTest.TS011_VerifyAssociatedListsSectionContactTest()'><b>TS011_VerifyAssociatedListsSectionContactTest</b><br>Test class: crmframework.crmAutomation.ContactPageTest</td>
<td></td>
<td>85</td>
<td>crmframework.crmAutomation.ContactPageTest@523884b2</td></tr>
<tr>
<td title='crmframework.crmAutomation.ContactPageTest.TS014_VerifyGroupByOptionsContactTest()'><b>TS014_VerifyGroupByOptionsContactTest</b><br>Test class: crmframework.crmAutomation.ContactPageTest</td>
<td></td>
<td>49</td>
<td>crmframework.crmAutomation.ContactPageTest@523884b2</td></tr>
<tr>
<td title='crmframework.crmAutomation.ContactPageTest.TS015_VerifyAddNewNoteToContactTest()'><b>TS015_VerifyAddNewNoteToContactTest</b><br>Test class: crmframework.crmAutomation.ContactPageTest</td>
<td></td>
<td>61</td>
<td>crmframework.crmAutomation.ContactPageTest@523884b2</td></tr>
<tr>
<td title='crmframework.crmAutomation.ContactPageTest.TS016_VerifyAddNewPostToContactTest()'><b>TS016_VerifyAddNewPostToContactTest</b><br>Test class: crmframework.crmAutomation.ContactPageTest</td>
<td></td>
<td>42</td>
<td>crmframework.crmAutomation.ContactPageTest@523884b2</td></tr>
<tr>
<td title='crmframework.crmAutomation.ContactPageTest.TS017_VerifyMandatoryFieldsOnContactFormTest()'><b>TS017_VerifyMandatoryFieldsOnContactFormTest</b><br>Test class: crmframework.crmAutomation.ContactPageTest</td>
<td></td>
<td>375</td>
<td>crmframework.crmAutomation.ContactPageTest@523884b2</td></tr>
<tr>
<td title='crmframework.crmAutomation.ContactPageTest.TS018_VerifyCountryAutocompletePicklist()'><b>TS018_VerifyCountryAutocompletePicklist</b><br>Test class: crmframework.crmAutomation.ContactPageTest</td>
<td></td>
<td>53</td>
<td>crmframework.crmAutomation.ContactPageTest@523884b2</td></tr>
<tr>
<td title='crmframework.crmAutomation.ContactPageTest.TS019_VerifyDetailsTabOnContactTest()'><b>TS019_VerifyDetailsTabOnContactTest</b><br>Test class: crmframework.crmAutomation.ContactPageTest</td>
<td></td>
<td>55</td>
<td>crmframework.crmAutomation.ContactPageTest@523884b2</td></tr>
<tr>
<td title='crmframework.crmAutomation.ContactPageTest.TS020_VerifyPhoneCallOnContactTest()'><b>TS020_VerifyPhoneCallOnContactTest</b><br>Test class: crmframework.crmAutomation.ContactPageTest</td>
<td></td>
<td>76</td>
<td>crmframework.crmAutomation.ContactPageTest@523884b2</td></tr>
<tr>
<td title='crmframework.crmAutomation.ContactPageTest.TS021_VerifyGridFiltersContactTest()'><b>TS021_VerifyGridFiltersContactTest</b><br>Test class: crmframework.crmAutomation.ContactPageTest</td>
<td></td>
<td>165</td>
<td>crmframework.crmAutomation.ContactPageTest@523884b2</td></tr>
<tr>
<td title='crmframework.crmAutomation.ContactPageTest.TS022_VerifyUpdateContactDetailsTest()'><b>TS022_VerifyUpdateContactDetailsTest</b><br>Test class: crmframework.crmAutomation.ContactPageTest</td>
<td></td>
<td>89</td>
<td>crmframework.crmAutomation.ContactPageTest@523884b2</td></tr>
<tr>
<td title='crmframework.crmAutomation.ContactPageTest.TS023_VerifyToDeactivateBuyerContactTest()'><b>TS023_VerifyToDeactivateBuyerContactTest</b><br>Test class: crmframework.crmAutomation.ContactPageTest</td>
<td></td>
<td>52</td>
<td>crmframework.crmAutomation.ContactPageTest@523884b2</td></tr>
</table><p>
</body>
</html>